<?xml version="1.0" encoding="UTF-8"?>
<coverage generated="1777391472606" clover="3.2.0">
  <project timestamp="1777391472606" name="All files">
    <metrics statements="42" coveredstatements="42" conditionals="42" coveredconditionals="31" methods="3" coveredmethods="3" elements="87" coveredelements="76" complexity="0" loc="42" ncloc="42" packages="1" files="1" classes="1"/>
    <file name="projection.js" path="C:\Users\GomesPajaroGrandeVin\Gastoo Murillo\Gastoo\src\utils\projection.js">
      <metrics statements="42" coveredstatements="42" conditionals="42" coveredconditionals="31" methods="3" coveredmethods="3"/>
      <line num="22" count="12" type="stmt"/>
      <line num="23" count="12" type="stmt"/>
      <line num="24" count="12" type="stmt"/>
      <line num="27" count="12" type="stmt"/>
      <line num="28" count="12" type="stmt"/>
      <line num="29" count="12" type="stmt"/>
      <line num="30" count="12" type="cond" truecount="2" falsecount="0"/>
      <line num="31" count="12" type="cond" truecount="1" falsecount="1"/>
      <line num="32" count="12" type="stmt"/>
      <line num="35" count="12" type="cond" truecount="2" falsecount="0"/>
      <line num="38" count="10" type="stmt"/>
      <line num="41" count="10" type="stmt"/>
      <line num="42" count="9" type="cond" truecount="2" falsecount="0"/>
      <line num="43" count="8" type="stmt"/>
      <line num="44" count="8" type="cond" truecount="1" falsecount="1"/>
      <line num="45" count="8" type="cond" truecount="2" falsecount="0"/>
      <line num="48" count="10" type="stmt"/>
      <line num="49" count="10" type="stmt"/>
      <line num="50" count="10" type="stmt"/>
      <line num="52" count="10" type="stmt"/>
      <line num="53" count="8" type="stmt"/>
      <line num="54" count="8" type="cond" truecount="1" falsecount="1"/>
      <line num="57" count="8" type="stmt"/>
      <line num="58" count="8" type="cond" truecount="1" falsecount="1"/>
      <line num="59" count="8" type="stmt"/>
      <line num="60" count="8" type="stmt"/>
      <line num="62" count="8" type="cond" truecount="2" falsecount="0"/>
      <line num="64" count="1" type="cond" truecount="1" falsecount="1"/>
      <line num="65" count="7" type="cond" truecount="1" falsecount="1"/>
      <line num="66" count="7" type="cond" truecount="2" falsecount="0"/>
      <line num="68" count="1" type="stmt"/>
      <line num="69" count="6" type="cond" truecount="1" falsecount="1"/>
      <line num="71" count="6" type="cond" truecount="1" falsecount="1"/>
      <line num="72" count="6" type="cond" truecount="2" falsecount="0"/>
      <line num="73" count="5" type="stmt"/>
      <line num="80" count="10" type="cond" truecount="1" falsecount="1"/>
      <line num="86" count="10" type="stmt"/>
      <line num="91" count="10" type="stmt"/>
      <line num="113" count="10" type="cond" truecount="2" falsecount="0"/>
      <line num="114" count="7" type="cond" truecount="3" falsecount="1"/>
      <line num="115" count="5" type="cond" truecount="2" falsecount="0"/>
      <line num="116" count="3" type="stmt"/>
    </file>
  </project>
</coverage>
