{"C:\\Users\\GomesPajaroGrandeVin\\Gastoo Murillo\\Gastoo\\src\\utils\\monthEndProjection.js": {"path":"C:\\Users\\GomesPajaroGrandeVin\\Gastoo Murillo\\Gastoo\\src\\utils\\monthEndProjection.js","statementMap":{"0":{"start":{"line":5,"column":2},"end":{"line":5,"column":44}},"1":{"start":{"line":9,"column":2},"end":{"line":9,"column":36}},"2":{"start":{"line":13,"column":2},"end":{"line":13,"column":62}},"3":{"start":{"line":17,"column":2},"end":{"line":17,"column":82}},"4":{"start":{"line":21,"column":12},"end":{"line":21,"column":33}},"5":{"start":{"line":22,"column":2},"end":{"line":22,"column":23}},"6":{"start":{"line":22,"column":10},"end":{"line":22,"column":23}},"7":{"start":{"line":23,"column":2},"end":{"line":23,"column":44}},"8":{"start":{"line":23,"column":31},"end":{"line":23,"column":44}},"9":{"start":{"line":25,"column":2},"end":{"line":25,"column":52}},"10":{"start":{"line":29,"column":2},"end":{"line":29,"column":29}},"11":{"start":{"line":29,"column":17},"end":{"line":29,"column":29}},"12":{"start":{"line":30,"column":16},"end":{"line":30,"column":36}},"13":{"start":{"line":31,"column":2},"end":{"line":31,"column":59}},"14":{"start":{"line":31,"column":47},"end":{"line":31,"column":59}},"15":{"start":{"line":32,"column":2},"end":{"line":32,"column":58}},"16":{"start":{"line":47,"column":16},"end":{"line":47,"column":31}},"17":{"start":{"line":48,"column":21},"end":{"line":48,"column":36}},"18":{"start":{"line":49,"column":2},"end":{"line":49,"column":34}},"19":{"start":{"line":49,"column":22},"end":{"line":49,"column":34}},"20":{"start":{"line":51,"column":22},"end":{"line":51,"column":86}},"21":{"start":{"line":52,"column":24},"end":{"line":52,"column":61}},"22":{"start":{"line":53,"column":21},"end":{"line":53,"column":44}},"23":{"start":{"line":57,"column":25},"end":{"line":57,"column":94}},"24":{"start":{"line":57,"column":81},"end":{"line":57,"column":93}},"25":{"start":{"line":58,"column":20},"end":{"line":58,"column":60}},"26":{"start":{"line":58,"column":54},"end":{"line":58,"column":58}},"27":{"start":{"line":60,"column":28},"end":{"line":60,"column":96}},"28":{"start":{"line":60,"column":62},"end":{"line":60,"column":92}},"29":{"start":{"line":62,"column":24},"end":{"line":62,"column":41}},"30":{"start":{"line":63,"column":2},"end":{"line":70,"column":3}},"31":{"start":{"line":64,"column":4},"end":{"line":64,"column":21}},"32":{"start":{"line":64,"column":12},"end":{"line":64,"column":21}},"33":{"start":{"line":65,"column":4},"end":{"line":65,"column":46}},"34":{"start":{"line":65,"column":37},"end":{"line":65,"column":46}},"35":{"start":{"line":66,"column":4},"end":{"line":66,"column":51}},"36":{"start":{"line":66,"column":42},"end":{"line":66,"column":51}},"37":{"start":{"line":67,"column":14},"end":{"line":67,"column":30}},"38":{"start":{"line":68,"column":4},"end":{"line":69,"column":54}},"39":{"start":{"line":68,"column":30},"end":{"line":68,"column":51}},"40":{"start":{"line":69,"column":9},"end":{"line":69,"column":54}},"41":{"start":{"line":69,"column":33},"end":{"line":69,"column":54}},"42":{"start":{"line":72,"column":31},"end":{"line":72,"column":32}},"43":{"start":{"line":73,"column":31},"end":{"line":73,"column":32}},"44":{"start":{"line":74,"column":39},"end":{"line":74,"column":40}},"45":{"start":{"line":76,"column":2},"end":{"line":95,"column":3}},"46":{"start":{"line":77,"column":4},"end":{"line":77,"column":21}},"47":{"start":{"line":77,"column":12},"end":{"line":77,"column":21}},"48":{"start":{"line":78,"column":4},"end":{"line":78,"column":46}},"49":{"start":{"line":78,"column":37},"end":{"line":78,"column":46}},"50":{"start":{"line":79,"column":4},"end":{"line":79,"column":31}},"51":{"start":{"line":79,"column":22},"end":{"line":79,"column":31}},"52":{"start":{"line":82,"column":4},"end":{"line":86,"column":5}},"53":{"start":{"line":83,"column":6},"end":{"line":84,"column":78}},"54":{"start":{"line":83,"column":32},"end":{"line":83,"column":75}},"55":{"start":{"line":84,"column":11},"end":{"line":84,"column":78}},"56":{"start":{"line":84,"column":35},"end":{"line":84,"column":78}},"57":{"start":{"line":85,"column":6},"end":{"line":85,"column":15}},"58":{"start":{"line":89,"column":15},"end":{"line":89,"column":34}},"59":{"start":{"line":90,"column":4},"end":{"line":90,"column":22}},"60":{"start":{"line":90,"column":13},"end":{"line":90,"column":22}},"61":{"start":{"line":91,"column":4},"end":{"line":91,"column":42}},"62":{"start":{"line":91,"column":33},"end":{"line":91,"column":42}},"63":{"start":{"line":92,"column":4},"end":{"line":92,"column":37}},"64":{"start":{"line":92,"column":28},"end":{"line":92,"column":37}},"65":{"start":{"line":93,"column":4},"end":{"line":93,"column":41}},"66":{"start":{"line":93,"column":32},"end":{"line":93,"column":41}},"67":{"start":{"line":94,"column":4},"end":{"line":94,"column":55}},"68":{"start":{"line":98,"column":35},"end":{"line":98,"column":90}},"69":{"start":{"line":101,"column":4},"end":{"line":104,"column":44}},"70":{"start":{"line":106,"column":2},"end":{"line":126,"column":4}},"71":{"start":{"line":130,"column":2},"end":{"line":130,"column":51}},"72":{"start":{"line":130,"column":31},"end":{"line":130,"column":51}},"73":{"start":{"line":131,"column":15},"end":{"line":131,"column":58}},"74":{"start":{"line":132,"column":2},"end":{"line":132,"column":45}},"75":{"start":{"line":132,"column":27},"end":{"line":132,"column":45}},"76":{"start":{"line":133,"column":2},"end":{"line":133,"column":65}},"77":{"start":{"line":133,"column":48},"end":{"line":133,"column":65}},"78":{"start":{"line":134,"column":2},"end":{"line":134,"column":14}}},"fnMap":{"0":{"name":"toCents","decl":{"start":{"line":3,"column":9},"end":{"line":3,"column":16}},"loc":{"start":{"line":3,"column":20},"end":{"line":6,"column":1}},"line":3},"1":{"name":"fromCents","decl":{"start":{"line":8,"column":9},"end":{"line":8,"column":18}},"loc":{"start":{"line":8,"column":26},"end":{"line":10,"column":1}},"line":8},"2":{"name":"startOfDay","decl":{"start":{"line":12,"column":9},"end":{"line":12,"column":19}},"loc":{"start":{"line":12,"column":23},"end":{"line":14,"column":1}},"line":12},"3":{"name":"isSameMonth","decl":{"start":{"line":16,"column":9},"end":{"line":16,"column":20}},"loc":{"start":{"line":16,"column":29},"end":{"line":18,"column":1}},"line":16},"4":{"name":"isPendingInCurrentMonth","decl":{"start":{"line":20,"column":9},"end":{"line":20,"column":32}},"loc":{"start":{"line":20,"column":45},"end":{"line":26,"column":1}},"line":20},"5":{"name":"isEffectiveOnOrBefore","decl":{"start":{"line":28,"column":9},"end":{"line":28,"column":30}},"loc":{"start":{"line":28,"column":44},"end":{"line":33,"column":1}},"line":28},"6":{"name":"computeMonthEndProjectionCents","decl":{"start":{"line":46,"column":16},"end":{"line":46,"column":46}},"loc":{"start":{"line":46,"column":93},"end":{"line":127,"column":1}},"line":46},"7":{"name":"(anonymous_7)","decl":{"start":{"line":57,"column":74},"end":{"line":57,"column":75}},"loc":{"start":{"line":57,"column":81},"end":{"line":57,"column":93}},"line":57},"8":{"name":"(anonymous_8)","decl":{"start":{"line":58,"column":47},"end":{"line":58,"column":48}},"loc":{"start":{"line":58,"column":54},"end":{"line":58,"column":58}},"line":58},"9":{"name":"(anonymous_9)","decl":{"start":{"line":60,"column":50},"end":{"line":60,"column":51}},"loc":{"start":{"line":60,"column":62},"end":{"line":60,"column":92}},"line":60},"10":{"name":"projectionStatus","decl":{"start":{"line":129,"column":16},"end":{"line":129,"column":32}},"loc":{"start":{"line":129,"column":73},"end":{"line":135,"column":1}},"line":129}},"branchMap":{"0":{"loc":{"start":{"line":5,"column":21},"end":{"line":5,"column":35}},"type":"binary-expr","locations":[{"start":{"line":5,"column":21},"end":{"line":5,"column":30}},{"start":{"line":5,"column":34},"end":{"line":5,"column":35}}],"line":5},"1":{"loc":{"start":{"line":9,"column":10},"end":{"line":9,"column":28}},"type":"binary-expr","locations":[{"start":{"line":9,"column":10},"end":{"line":9,"column":23}},{"start":{"line":9,"column":27},"end":{"line":9,"column":28}}],"line":9},"2":{"loc":{"start":{"line":17,"column":9},"end":{"line":17,"column":81}},"type":"binary-expr","locations":[{"start":{"line":17,"column":9},"end":{"line":17,"column":46}},{"start":{"line":17,"column":50},"end":{"line":17,"column":81}}],"line":17},"3":{"loc":{"start":{"line":22,"column":2},"end":{"line":22,"column":23}},"type":"if","locations":[{"start":{"line":22,"column":2},"end":{"line":22,"column":23}},{"start":{},"end":{}}],"line":22},"4":{"loc":{"start":{"line":23,"column":2},"end":{"line":23,"column":44}},"type":"if","locations":[{"start":{"line":23,"column":2},"end":{"line":23,"column":44}},{"start":{},"end":{}}],"line":23},"5":{"loc":{"start":{"line":29,"column":2},"end":{"line":29,"column":29}},"type":"if","locations":[{"start":{"line":29,"column":2},"end":{"line":29,"column":29}},{"start":{},"end":{}}],"line":29},"6":{"loc":{"start":{"line":31,"column":2},"end":{"line":31,"column":59}},"type":"if","locations":[{"start":{"line":31,"column":2},"end":{"line":31,"column":59}},{"start":{},"end":{}}],"line":31},"7":{"loc":{"start":{"line":31,"column":6},"end":{"line":31,"column":45}},"type":"binary-expr","locations":[{"start":{"line":31,"column":6},"end":{"line":31,"column":12}},{"start":{"line":31,"column":16},"end":{"line":31,"column":45}}],"line":31},"8":{"loc":{"start":{"line":46,"column":73},"end":{"line":46,"column":89}},"type":"default-arg","locations":[{"start":{"line":46,"column":79},"end":{"line":46,"column":89}}],"line":46},"9":{"loc":{"start":{"line":49,"column":2},"end":{"line":49,"column":34}},"type":"if","locations":[{"start":{"line":49,"column":2},"end":{"line":49,"column":34}},{"start":{},"end":{}}],"line":49},"10":{"loc":{"start":{"line":57,"column":26},"end":{"line":57,"column":65}},"type":"cond-expr","locations":[{"start":{"line":57,"column":52},"end":{"line":57,"column":60}},{"start":{"line":57,"column":63},"end":{"line":57,"column":65}}],"line":57},"11":{"loc":{"start":{"line":63,"column":18},"end":{"line":63,"column":65}},"type":"cond-expr","locations":[{"start":{"line":63,"column":48},"end":{"line":63,"column":60}},{"start":{"line":63,"column":63},"end":{"line":63,"column":65}}],"line":63},"12":{"loc":{"start":{"line":64,"column":4},"end":{"line":64,"column":21}},"type":"if","locations":[{"start":{"line":64,"column":4},"end":{"line":64,"column":21}},{"start":{},"end":{}}],"line":64},"13":{"loc":{"start":{"line":65,"column":4},"end":{"line":65,"column":46}},"type":"if","locations":[{"start":{"line":65,"column":4},"end":{"line":65,"column":46}},{"start":{},"end":{}}],"line":65},"14":{"loc":{"start":{"line":66,"column":4},"end":{"line":66,"column":51}},"type":"if","locations":[{"start":{"line":66,"column":4},"end":{"line":66,"column":51}},{"start":{},"end":{}}],"line":66},"15":{"loc":{"start":{"line":68,"column":4},"end":{"line":69,"column":54}},"type":"if","locations":[{"start":{"line":68,"column":4},"end":{"line":69,"column":54}},{"start":{"line":69,"column":9},"end":{"line":69,"column":54}}],"line":68},"16":{"loc":{"start":{"line":69,"column":9},"end":{"line":69,"column":54}},"type":"if","locations":[{"start":{"line":69,"column":9},"end":{"line":69,"column":54}},{"start":{},"end":{}}],"line":69},"17":{"loc":{"start":{"line":76,"column":18},"end":{"line":76,"column":65}},"type":"cond-expr","locations":[{"start":{"line":76,"column":48},"end":{"line":76,"column":60}},{"start":{"line":76,"column":63},"end":{"line":76,"column":65}}],"line":76},"18":{"loc":{"start":{"line":77,"column":4},"end":{"line":77,"column":21}},"type":"if","locations":[{"start":{"line":77,"column":4},"end":{"line":77,"column":21}},{"start":{},"end":{}}],"line":77},"19":{"loc":{"start":{"line":78,"column":4},"end":{"line":78,"column":46}},"type":"if","locations":[{"start":{"line":78,"column":4},"end":{"line":78,"column":46}},{"start":{},"end":{}}],"line":78},"20":{"loc":{"start":{"line":79,"column":4},"end":{"line":79,"column":31}},"type":"if","locations":[{"start":{"line":79,"column":4},"end":{"line":79,"column":31}},{"start":{},"end":{}}],"line":79},"21":{"loc":{"start":{"line":82,"column":4},"end":{"line":86,"column":5}},"type":"if","locations":[{"start":{"line":82,"column":4},"end":{"line":86,"column":5}},{"start":{},"end":{}}],"line":82},"22":{"loc":{"start":{"line":83,"column":6},"end":{"line":84,"column":78}},"type":"if","locations":[{"start":{"line":83,"column":6},"end":{"line":84,"column":78}},{"start":{"line":84,"column":11},"end":{"line":84,"column":78}}],"line":83},"23":{"loc":{"start":{"line":84,"column":11},"end":{"line":84,"column":78}},"type":"if","locations":[{"start":{"line":84,"column":11},"end":{"line":84,"column":78}},{"start":{},"end":{}}],"line":84},"24":{"loc":{"start":{"line":90,"column":4},"end":{"line":90,"column":22}},"type":"if","locations":[{"start":{"line":90,"column":4},"end":{"line":90,"column":22}},{"start":{},"end":{}}],"line":90},"25":{"loc":{"start":{"line":91,"column":4},"end":{"line":91,"column":42}},"type":"if","locations":[{"start":{"line":91,"column":4},"end":{"line":91,"column":42}},{"start":{},"end":{}}],"line":91},"26":{"loc":{"start":{"line":92,"column":4},"end":{"line":92,"column":37}},"type":"if","locations":[{"start":{"line":92,"column":4},"end":{"line":92,"column":37}},{"start":{},"end":{}}],"line":92},"27":{"loc":{"start":{"line":93,"column":4},"end":{"line":93,"column":41}},"type":"if","locations":[{"start":{"line":93,"column":4},"end":{"line":93,"column":41}},{"start":{},"end":{}}],"line":93},"28":{"loc":{"start":{"line":130,"column":2},"end":{"line":130,"column":51}},"type":"if","locations":[{"start":{"line":130,"column":2},"end":{"line":130,"column":51}},{"start":{},"end":{}}],"line":130},"29":{"loc":{"start":{"line":131,"column":27},"end":{"line":131,"column":57}},"type":"binary-expr","locations":[{"start":{"line":131,"column":27},"end":{"line":131,"column":52}},{"start":{"line":131,"column":56},"end":{"line":131,"column":57}}],"line":131},"30":{"loc":{"start":{"line":132,"column":2},"end":{"line":132,"column":45}},"type":"if","locations":[{"start":{"line":132,"column":2},"end":{"line":132,"column":45}},{"start":{},"end":{}}],"line":132},"31":{"loc":{"start":{"line":133,"column":2},"end":{"line":133,"column":65}},"type":"if","locations":[{"start":{"line":133,"column":2},"end":{"line":133,"column":65}},{"start":{},"end":{}}],"line":133}},"s":{"0":0,"1":0,"2":0,"3":0,"4":0,"5":0,"6":0,"7":0,"8":0,"9":0,"10":0,"11":0,"12":0,"13":0,"14":0,"15":0,"16":0,"17":0,"18":0,"19":0,"20":0,"21":0,"22":0,"23":0,"24":0,"25":0,"26":0,"27":0,"28":0,"29":0,"30":0,"31":0,"32":0,"33":0,"34":0,"35":0,"36":0,"37":0,"38":0,"39":0,"40":0,"41":0,"42":0,"43":0,"44":0,"45":0,"46":0,"47":0,"48":0,"49":0,"50":0,"51":0,"52":0,"53":0,"54":0,"55":0,"56":0,"57":0,"58":0,"59":0,"60":0,"61":0,"62":0,"63":0,"64":0,"65":0,"66":0,"67":0,"68":0,"69":0,"70":0,"71":0,"72":0,"73":0,"74":0,"75":0,"76":0,"77":0,"78":0},"f":{"0":0,"1":0,"2":0,"3":0,"4":0,"5":0,"6":0,"7":0,"8":0,"9":0,"10":0},"b":{"0":[0,0],"1":[0,0],"2":[0,0],"3":[0,0],"4":[0,0],"5":[0,0],"6":[0,0],"7":[0,0],"8":[0],"9":[0,0],"10":[0,0],"11":[0,0],"12":[0,0],"13":[0,0],"14":[0,0],"15":[0,0],"16":[0,0],"17":[0,0],"18":[0,0],"19":[0,0],"20":[0,0],"21":[0,0],"22":[0,0],"23":[0,0],"24":[0,0],"25":[0,0],"26":[0,0],"27":[0,0],"28":[0,0],"29":[0,0],"30":[0,0],"31":[0,0]}}
}
