TN:
SF:src\utils\monthEndProjection.js
FN:3,toCents
FN:8,fromCents
FN:12,startOfDay
FN:16,isSameMonth
FN:20,isPendingInCurrentMonth
FN:28,isEffectiveOnOrBefore
FN:46,computeMonthEndProjectionCents
FN:57,(anonymous_7)
FN:58,(anonymous_8)
FN:60,(anonymous_9)
FN:129,projectionStatus
FNF:11
FNH:11
FNDA:18,toCents
FNDA:30,fromCents
FNDA:27,startOfDay
FNDA:19,isSameMonth
FNDA:13,isPendingInCurrentMonth
FNDA:14,isEffectiveOnOrBefore
FNDA:6,computeMonthEndProjectionCents
FNDA:5,(anonymous_7)
FNDA:4,(anonymous_8)
FNDA:4,(anonymous_9)
FNDA:5,projectionStatus
DA:5,18
DA:9,30
DA:13,27
DA:17,19
DA:21,13
DA:22,13
DA:23,11
DA:25,9
DA:29,14
DA:30,13
DA:31,13
DA:32,12
DA:47,6
DA:48,6
DA:49,6
DA:51,5
DA:52,5
DA:53,5
DA:57,5
DA:58,5
DA:60,5
DA:62,5
DA:63,5
DA:64,17
DA:65,16
DA:66,14
DA:67,10
DA:68,10
DA:69,8
DA:72,5
DA:73,5
DA:74,5
DA:76,5
DA:77,17
DA:78,16
DA:79,14
DA:82,13
DA:83,3
DA:84,2
DA:85,3
DA:89,10
DA:90,10
DA:91,8
DA:92,6
DA:93,3
DA:94,2
DA:98,5
DA:101,5
DA:106,5
DA:130,5
DA:131,4
DA:132,4
DA:133,3
DA:134,2
LF:54
LH:54
BRDA:5,0,0,18
BRDA:5,0,1,0
BRDA:9,1,0,30
BRDA:9,1,1,18
BRDA:17,2,0,19
BRDA:17,2,1,19
BRDA:22,3,0,2
BRDA:22,3,1,11
BRDA:23,4,0,2
BRDA:23,4,1,9
BRDA:29,5,0,1
BRDA:29,5,1,13
BRDA:31,6,0,1
BRDA:31,6,1,12
BRDA:31,7,0,13
BRDA:31,7,1,12
BRDA:46,8,0,0
BRDA:49,9,0,1
BRDA:49,9,1,5
BRDA:57,10,0,5
BRDA:57,10,1,0
BRDA:63,11,0,4
BRDA:63,11,1,1
BRDA:64,12,0,1
BRDA:64,12,1,16
BRDA:65,13,0,2
BRDA:65,13,1,14
BRDA:66,14,0,4
BRDA:66,14,1,10
BRDA:68,15,0,2
BRDA:68,15,1,8
BRDA:69,16,0,7
BRDA:69,16,1,1
BRDA:76,17,0,4
BRDA:76,17,1,1
BRDA:77,18,0,1
BRDA:77,18,1,16
BRDA:78,19,0,2
BRDA:78,19,1,14
BRDA:79,20,0,1
BRDA:79,20,1,13
BRDA:82,21,0,3
BRDA:82,21,1,10
BRDA:83,22,0,1
BRDA:83,22,1,2
BRDA:84,23,0,1
BRDA:84,23,1,1
BRDA:90,24,0,2
BRDA:90,24,1,8
BRDA:91,25,0,2
BRDA:91,25,1,6
BRDA:92,26,0,3
BRDA:92,26,1,3
BRDA:93,27,0,1
BRDA:93,27,1,2
BRDA:130,28,0,1
BRDA:130,28,1,4
BRDA:131,29,0,4
BRDA:131,29,1,1
BRDA:132,30,0,1
BRDA:132,30,1,3
BRDA:133,31,0,1
BRDA:133,31,1,2
BRF:63
BRH:60
end_of_record
